<?xml version="1.0" encoding="UTF-8"?>
<!-- Generated by org.testng.reporters.JUnitReportReporter -->
<testsuite hostname="LAPTOP-U66FBCGM" failures="0" tests="2" name="Selenium_Concepts.Selenium_Concepts_Demo" time="3.088" errors="0" timestamp="2024-07-11T12:51:28 IST" skipped="1">
  <testcase classname="Selenium_Concepts.Selenium_Concepts_Demo" name="imageCompare" time="3.088"/>
  <system-out/>
  <testcase classname="Selenium_Concepts.Selenium_Concepts_Demo" name="fileUpload">
    <skipped/>
  </testcase> <!-- fileUpload -->
  <system-out/>
</testsuite> <!-- Selenium_Concepts.Selenium_Concepts_Demo -->
