<?xml version="1.0" encoding="UTF-8"?>
<!-- Generated by org.testng.reporters.JUnitReportReporter -->
<testsuite hostname="LAPTOP-U66FBCGM" failures="0" tests="1" name="TEST_CASE.LoginTest" time="2.076" errors="0" timestamp="2024-06-22T23:13:26 IST" skipped="0">
  <testcase classname="TEST_CASE.LoginTest" name="Login_With_Valid_Input" time="2.076"/>
  <system-out/>
</testsuite> <!-- TEST_CASE.LoginTest -->
