<?xml version="1.0" encoding="UTF-8"?>
<!-- Generated by org.testng.reporters.JUnitReportReporter -->
<testsuite hostname="LAPTOP-U66FBCGM" failures="0" tests="1" name="UTILITIES.DataProvider1" time="0.008" errors="0" timestamp="2024-06-04T22:36:01 IST" skipped="0">
  <testcase classname="UTILITIES.DataProvider1" name="getdata" time="0.008"/>
  <system-out/>
</testsuite> <!-- UTILITIES.DataProvider1 -->
