<?xml version="1.0" encoding="UTF-8"?>
<!-- Generated by org.testng.reporters.JUnitReportReporter -->
<testsuite hostname="LAPTOP-U66FBCGM" failures="0" tests="4" name="TestNG_Concepts.Priority" time="0.019" errors="0" timestamp="2024-06-07T19:26:56 IST" skipped="0">
  <testcase classname="TestNG_Concepts.Priority" name="test2" time="0.014"/>
  <system-out/>
  <testcase classname="TestNG_Concepts.Priority" name="test2" time="0.001"/>
  <system-out/>
  <testcase classname="TestNG_Concepts.Priority" name="test1" time="0.002"/>
  <system-out/>
  <testcase classname="TestNG_Concepts.Priority" name="test3" time="0.002"/>
  <system-out/>
</testsuite> <!-- TestNG_Concepts.Priority -->
