<?xml version="1.0" encoding="UTF-8"?>
<!-- Generated by org.testng.reporters.JUnitReportReporter -->
<testsuite hostname="LAPTOP-U66FBCGM" failures="0" tests="4" name="TestNG_Concepts.dependencyonXML" time="0.017" errors="0" timestamp="2024-06-07T19:16:39 IST" skipped="0">
  <testcase classname="TestNG_Concepts.dependencyonXML" name="openBrowser" time="0.012"/>
  <system-out/>
  <testcase classname="TestNG_Concepts.dependencyonXML" name="logout" time="0.002"/>
  <system-out/>
  <testcase classname="TestNG_Concepts.dependencyonXML" name="login" time="0.001"/>
  <system-out/>
  <testcase classname="TestNG_Concepts.dependencyonXML" name="viewacc" time="0.002"/>
  <system-out/>
</testsuite> <!-- TestNG_Concepts.dependencyonXML -->
