<?xml version="1.0" encoding="UTF-8"?>
<!-- Generated by org.testng.reporters.JUnitReportReporter -->
<testsuite hostname="LAPTOP-U66FBCGM" failures="0" tests="2" name="TestNG_Concepts.F1" time="0.011" errors="0" timestamp="2024-06-08T12:22:35 IST" skipped="0">
  <testcase classname="TestNG_Concepts.F1" name="test2" time="0.002"/>
  <system-out/>
  <testcase classname="TestNG_Concepts.F1" name="test1" time="0.009"/>
  <system-out/>
</testsuite> <!-- TestNG_Concepts.F1 -->
