<?xml version="1.0" encoding="UTF-8"?>
<!-- Generated by org.testng.reporters.JUnitReportReporter -->
<testsuite hostname="LAPTOP-U66FBCGM" failures="0" tests="5" name="TEST_CASE.LoginTest" time="2.614" errors="0" timestamp="2024-07-12T17:15:24 IST" skipped="4">
  <testcase classname="TEST_CASE.LoginTest" name="Login_With_Valid_Input" time="2.614"/>
  <system-out/>
  <testcase classname="TEST_CASE.LoginTest" name="particularElement">
    <skipped/>
  </testcase> <!-- particularElement -->
  <system-out/>
  <testcase classname="TEST_CASE.LoginTest" name="getScreenShot">
    <skipped/>
  </testcase> <!-- getScreenShot -->
  <system-out/>
  <testcase classname="TEST_CASE.LoginTest" name="compareImages">
    <skipped/>
  </testcase> <!-- compareImages -->
  <system-out/>
  <testcase classname="TEST_CASE.LoginTest" name="verifyLinks">
    <skipped/>
  </testcase> <!-- verifyLinks -->
  <system-out/>
</testsuite> <!-- TEST_CASE.LoginTest -->
