<?xml version="1.0" encoding="UTF-8"?>
<!-- Generated by org.testng.reporters.JUnitReportReporter -->
<testsuite hostname="LAPTOP-U66FBCGM" failures="0" tests="1" name="TestNG_Concepts.Parameter" time="0.009" errors="0" timestamp="2024-06-07T19:34:40 IST" skipped="0">
  <testcase classname="TestNG_Concepts.Parameter" name="test1" time="0.009"/>
  <system-out/>
</testsuite> <!-- TestNG_Concepts.Parameter -->
