<?xml version="1.0" encoding="UTF-8"?>
<!-- Generated by org.testng.reporters.JUnitReportReporter -->
<testsuite hostname="LAPTOP-U66FBCGM" failures="0" tests="4" name="TestNG_Concepts.Groups" time="0.017" errors="0" timestamp="2024-06-07T19:04:53 IST" skipped="0">
  <testcase classname="TestNG_Concepts.Groups" name="a" time="0.012"/>
  <system-out/>
  <testcase classname="TestNG_Concepts.Groups" name="b" time="0.002"/>
  <system-out/>
  <testcase classname="TestNG_Concepts.Groups" name="d" time="0.001"/>
  <system-out/>
  <testcase classname="TestNG_Concepts.Groups" name="c" time="0.002"/>
  <system-out/>
</testsuite> <!-- TestNG_Concepts.Groups -->
